0 info it worked if it ends with ok
1 verbose cli [ '/usr/bin/nodejs', '/usr/bin/npm', 'publish' ]
2 info using npm@4.1.2
3 info using node@v7.7.4
4 verbose publish [ '.' ]
5 silly cache add args [ '.', null ]
6 verbose cache add spec .
7 silly cache add parsed spec Result {
7 silly cache add   raw: '.',
7 silly cache add   scope: null,
7 silly cache add   escapedName: null,
7 silly cache add   name: null,
7 silly cache add   rawSpec: '.',
7 silly cache add   spec: '/home/kot/Github/create-vuex-entities',
7 silly cache add   type: 'directory' }
8 verbose addLocalDirectory /home/kot/.npm/create-vuex-entities/1.0.4/package.tgz not in flight; packing
9 verbose correctMkdir /home/kot/.npm correctMkdir not in flight; initializing
10 info lifecycle create-vuex-entities@1.0.4~prepublish: create-vuex-entities@1.0.4
11 silly lifecycle create-vuex-entities@1.0.4~prepublish: no script for prepublish, continuing
12 info lifecycle create-vuex-entities@1.0.4~prepare: create-vuex-entities@1.0.4
13 silly lifecycle create-vuex-entities@1.0.4~prepare: no script for prepare, continuing
14 verbose tar pack [ '/home/kot/.npm/create-vuex-entities/1.0.4/package.tgz',
14 verbose tar pack   '/home/kot/Github/create-vuex-entities' ]
15 verbose tarball /home/kot/.npm/create-vuex-entities/1.0.4/package.tgz
16 verbose folder /home/kot/Github/create-vuex-entities
17 verbose addLocalTarball adding from inside cache /home/kot/.npm/create-vuex-entities/1.0.4/package.tgz
18 verbose correctMkdir /home/kot/.npm correctMkdir not in flight; initializing
19 silly cache afterAdd create-vuex-entities@1.0.4
20 verbose afterAdd /home/kot/.npm/create-vuex-entities/1.0.4/package/package.json not in flight; writing
21 verbose correctMkdir /home/kot/.npm correctMkdir not in flight; initializing
22 verbose afterAdd /home/kot/.npm/create-vuex-entities/1.0.4/package/package.json written
23 silly publish { name: 'create-vuex-entities',
23 silly publish   version: '1.0.4',
23 silly publish   description: 'Creates all types of vuex conception entities :alembic:',
23 silly publish   repository:
23 silly publish    { type: 'git',
23 silly publish      url: 'git+https://github.com/lamartire/create-vuex-entities.git' },
23 silly publish   main: 'index.js',
23 silly publish   scripts: { test: 'jest' },
23 silly publish   jest: { coveragePathIgnorePatterns: [ '/node_modules/' ] },
23 silly publish   keywords: [ 'vuex', 'vue', 'mutations', 'actions', 'getters', 'modules' ],
23 silly publish   author: { name: 'lamartire' },
23 silly publish   license: 'ISC',
23 silly publish   devDependencies: { jest: '^19.0.2' },
23 silly publish   readme: '# Create vuex entities names without headache\n[![NPM version][npm-image]][npm-url] [![Build status][travis-image]][travis-url]\n\n```bash\nnpm i create-vuex-entities\n```\n\nIf you shot your leg with naming of mutations, or actions, or getters -- this module can solve this problem!\n\n```js\nimport { createMutations } from \'create-vuex-entities\'\nconst PREFIX = \'counter\'\nconst mutations = createMutations(PREFIX, [\n  \'increment\',\n  \'decrement\'\n])\nconst counter = {\n  mutations: {\n    [mutations.increment]: (state) => state.score + 1,\n    [mutations.decrement]: (state) => state.score - 1\n  }\n}\nexport { mutations }\n```\n\nThat\'s it! Now we have unique mutations and can use they anywhere without troubles.\n\n```js\nimport { mapMutations } from \'vuex\'\nimport { mutations } from \'path/to/counter/module\'\n\nexport default {\n  name: \'Counter\',\n  methods: {\n    increment () {\n      this.$store.commit(mutations.increment)\n    },\n    decrement () {\n      this.$store.commit(mutations.decrement)\n    }\n  }\n}\n```\n\n`mutations.increment` equals to `couter/mutation/increment`\nand `mutations.decrement` to `couter/mutation/decrement`.\n\nYou also can create `getters` by `createGetters`, `actions` by `createActions`,\n`modules` by `createModules`.\n\n## Creating of custom entities\n\nIf you want to create custom entities names, you should use `createEntities`.\n\n```js\nimport { createEntities } from \'create-vuex-entities\'\n\nconst PREFIX = \'test\'\nconst TYPE = \'custom\'\nconst customEntitiesList = createEntities(TYPE, PREFIX, [\n  \'foo\',\n  \'bar\'\n])\n```\n\nIt\'ll create `test/custom/foo` and `test/custom/bar`. You also can create basic\ntypes of entities with this function.\n\n[travis-image]: https://travis-ci.org/lamartire/create-vuex-entities.svg?branch=master\n[travis-url]: https://travis-ci.org/lamartire/create-vuex-entities\n[npm-image]: https://badge.fury.io/js/create-vuex-entities.svg\n[npm-url]: https://npmjs.org/package/create-vuex-entities\n',
23 silly publish   readmeFilename: 'readme.md',
23 silly publish   gitHead: '29ef58863d95eb9ad15e24603298e1109f8f095f',
23 silly publish   bugs: { url: 'https://github.com/lamartire/create-vuex-entities/issues' },
23 silly publish   homepage: 'https://github.com/lamartire/create-vuex-entities#readme',
23 silly publish   _id: 'create-vuex-entities@1.0.4',
23 silly publish   _shasum: '729639e22fc06e7e4b695f24ff0cdd0cfd7f5899',
23 silly publish   _from: '.' }
24 info lifecycle create-vuex-entities@1.0.4~prepublishOnly: create-vuex-entities@1.0.4
25 silly lifecycle create-vuex-entities@1.0.4~prepublishOnly: no script for prepublishOnly, continuing
26 verbose getPublishConfig undefined
27 silly mapToRegistry name create-vuex-entities
28 silly mapToRegistry using default registry
29 silly mapToRegistry registry https://registry.npmjs.org/
30 silly mapToRegistry data Result {
30 silly mapToRegistry   raw: 'create-vuex-entities',
30 silly mapToRegistry   scope: null,
30 silly mapToRegistry   escapedName: 'create-vuex-entities',
30 silly mapToRegistry   name: 'create-vuex-entities',
30 silly mapToRegistry   rawSpec: '',
30 silly mapToRegistry   spec: 'latest',
30 silly mapToRegistry   type: 'tag' }
31 silly mapToRegistry uri https://registry.npmjs.org/create-vuex-entities
32 verbose publish registryBase https://registry.npmjs.org/
33 silly publish uploading /home/kot/.npm/create-vuex-entities/1.0.4/package.tgz
34 verbose request uri https://registry.npmjs.org/create-vuex-entities
35 verbose request sending authorization for write operation
36 info attempt registry request try #1 at 18:24:09
37 verbose request using bearer token for auth
38 verbose request id 515ba2a0f54760b5
39 http request PUT https://registry.npmjs.org/create-vuex-entities
40 http 403 https://registry.npmjs.org/create-vuex-entities
41 verbose headers { 'content-type': 'application/json',
41 verbose headers   'cache-control': 'max-age=300',
41 verbose headers   'content-length': '95',
41 verbose headers   'accept-ranges': 'bytes',
41 verbose headers   date: 'Mon, 01 May 2017 15:24:11 GMT',
41 verbose headers   via: '1.1 varnish',
41 verbose headers   connection: 'keep-alive',
41 verbose headers   'x-served-by': 'cache-hhn1540-HHN',
41 verbose headers   'x-cache': 'MISS',
41 verbose headers   'x-cache-hits': '0',
41 verbose headers   'x-timer': 'S1493652250.064122,VS0,VE994',
41 verbose headers   vary: 'Accept-Encoding' }
42 verbose request invalidating /home/kot/.npm/registry.npmjs.org/create-vuex-entities on PUT
43 error publish Failed PUT 403
44 verbose stack Error: "You cannot publish over the previously published version 1.0.4." : create-vuex-entities
44 verbose stack     at makeError (/usr/lib/node_modules/npm/node_modules/npm-registry-client/lib/request.js:304:12)
44 verbose stack     at CachingRegistryClient.<anonymous> (/usr/lib/node_modules/npm/node_modules/npm-registry-client/lib/request.js:292:14)
44 verbose stack     at Request._callback (/usr/lib/node_modules/npm/node_modules/npm-registry-client/lib/request.js:212:14)
44 verbose stack     at Request.self.callback (/usr/lib/node_modules/npm/node_modules/request/request.js:186:22)
44 verbose stack     at emitTwo (events.js:106:13)
44 verbose stack     at Request.emit (events.js:194:7)
44 verbose stack     at Request.<anonymous> (/usr/lib/node_modules/npm/node_modules/request/request.js:1081:10)
44 verbose stack     at emitOne (events.js:96:13)
44 verbose stack     at Request.emit (events.js:191:7)
44 verbose stack     at IncomingMessage.<anonymous> (/usr/lib/node_modules/npm/node_modules/request/request.js:1001:12)
45 verbose statusCode 403
46 verbose pkgid create-vuex-entities
47 verbose cwd /home/kot/Github/create-vuex-entities
48 error Linux 4.8.0-49-generic
49 error argv "/usr/bin/nodejs" "/usr/bin/npm" "publish"
50 error node v7.7.4
51 error npm  v4.1.2
52 error code E403
53 error "You cannot publish over the previously published version 1.0.4." : create-vuex-entities
54 error If you need help, you may report this error at:
54 error     <https://github.com/npm/npm/issues>
55 verbose exit [ 1, true ]
